<?xml version="1.0" encoding="UTF-8"?>
<!-- Generated by org.testng.reporters.JUnitReportReporter -->
<testsuite skipped="0" hostname="DESKTOP-3ROKAB7" name="com.jahan.qa.jahan_Demo.Window_handle" tests="1" failures="0" timestamp="2021-06-03T20:17:33 CDT" time="25.061" errors="0">
  <testcase name="windowhandle" time="25.061" classname="com.jahan.qa.jahan_Demo.Window_handle"/>
  <system-out/>
</testsuite> <!-- com.jahan.qa.jahan_Demo.Window_handle -->
