<?xml version="1.0" encoding="UTF-8"?>
<!-- Generated by org.testng.reporters.JUnitReportReporter -->
<testsuite skipped="0" hostname="DESKTOP-3ROKAB7" name="com.jahan.qa.jahan_Demo.Action_demo" tests="1" failures="0" timestamp="2021-05-21T20:42:15 CDT" time="15.466" errors="0">
  <testcase name="action" time="15.466" classname="com.jahan.qa.jahan_Demo.Action_demo"/>
  <system-out/>
</testsuite> <!-- com.jahan.qa.jahan_Demo.Action_demo -->
