<?xml version="1.0" encoding="UTF-8"?>
<!-- Generated by org.testng.reporters.JUnitReportReporter -->
<testsuite skipped="0" hostname="DESKTOP-3ROKAB7" name="com.jahan.qa.jahan_Demo.DropDown_demo" tests="1" failures="0" timestamp="2021-05-21T20:25:03 CDT" time="14.046" errors="0">
  <testcase name="dropdown" time="14.046" classname="com.jahan.qa.jahan_Demo.DropDown_demo"/>
  <system-out/>
</testsuite> <!-- com.jahan.qa.jahan_Demo.DropDown_demo -->
