<?xml version="1.0" encoding="UTF-8"?>
<!-- Generated by org.testng.reporters.JUnitReportReporter -->
<testsuite skipped="0" hostname="DESKTOP-3ROKAB7" name="com.jahan.qa.jahan_Demo.Calander_demo" tests="1" failures="0" timestamp="2021-06-03T19:23:24 CDT" time="17.022" errors="0">
  <testcase name="calander" time="17.022" classname="com.jahan.qa.jahan_Demo.Calander_demo"/>
  <system-out/>
</testsuite> <!-- com.jahan.qa.jahan_Demo.Calander_demo -->
