<?xml version="1.0" encoding="UTF-8"?>
<!-- Generated by org.testng.reporters.JUnitReportReporter -->
<testsuite skipped="0" hostname="DESKTOP-3ROKAB7" name="com.jahan.qa.jahan_Demo.Frame_demo" tests="1" failures="0" timestamp="2021-05-21T20:59:03 CDT" time="9.266" errors="0">
  <testcase name="frame" time="9.266" classname="com.jahan.qa.jahan_Demo.Frame_demo"/>
  <system-out/>
</testsuite> <!-- com.jahan.qa.jahan_Demo.Frame_demo -->
